{"/Users/kimjisu/Desktop/share-corona-server/app/src/config/mariadb.ts": {"path":"/Users/kimjisu/Desktop/share-corona-server/app/src/config/mariadb.ts","statementMap":{"0":{"start":{"line":1,"column":0},"end":{"line":1,"column":35}},"1":{"start":{"line":3,"column":11},"end":{"line":3,"column":18}},"2":{"start":{"line":5,"column":16},"end":{"line":14,"column":2}},"3":{"start":{"line":16,"column":0},"end":{"line":16,"column":23}}},"fnMap":{},"branchMap":{},"s":{"0":1,"1":1,"2":1,"3":1},"f":{},"b":{}}
,"/Users/kimjisu/Desktop/share-corona-server/app/src/models/services/User/User.ts": {"path":"/Users/kimjisu/Desktop/share-corona-server/app/src/models/services/User/User.ts","statementMap":{"0":{"start":{"line":2,"column":0},"end":{"line":2,"column":40}},"1":{"start":{"line":15,"column":0},"end":{"line":15,"column":null}},"2":{"start":{"line":18,"column":23},"end":{"line":18,"column":35}},"3":{"start":{"line":19,"column":4},"end":{"line":19,"column":25}},"4":{"start":{"line":39,"column":8},"end":{"line":54,"column":null}},"5":{"start":{"line":40,"column":12},"end":{"line":40,"column":19}},"6":{"start":{"line":43,"column":6},"end":{"line":43,"column":75}},"7":{"start":{"line":43,"column":28},"end":{"line":43,"column":75}},"8":{"start":{"line":44,"column":6},"end":{"line":44,"column":78}},"9":{"start":{"line":44,"column":25},"end":{"line":44,"column":78}},"10":{"start":{"line":46,"column":27},"end":{"line":46,"column":null}},"11":{"start":{"line":46,"column":12},"end":{"line":46,"column":null}},"12":{"start":{"line":48,"column":6},"end":{"line":48,"column":88}},"13":{"start":{"line":48,"column":38},"end":{"line":48,"column":88}},"14":{"start":{"line":50,"column":6},"end":{"line":50,"column":31}},"15":{"start":{"line":52,"column":6},"end":{"line":52,"column":89}},"16":{"start":{"line":56,"column":8},"end":{"line":74,"column":null}},"17":{"start":{"line":57,"column":12},"end":{"line":57,"column":25}},"18":{"start":{"line":59,"column":4},"end":{"line":73,"column":null}},"19":{"start":{"line":60,"column":6},"end":{"line":60,"column":82}},"20":{"start":{"line":60,"column":34},"end":{"line":60,"column":82}},"21":{"start":{"line":61,"column":6},"end":{"line":61,"column":85}},"22":{"start":{"line":61,"column":31},"end":{"line":61,"column":85}},"23":{"start":{"line":63,"column":12},"end":{"line":63,"column":60}},"24":{"start":{"line":64,"column":6},"end":{"line":64,"column":34}},"25":{"start":{"line":65,"column":6},"end":{"line":65,"column":95}},"26":{"start":{"line":65,"column":27},"end":{"line":65,"column":95}},"27":{"start":{"line":70,"column":6},"end":{"line":70,"column":47}},"28":{"start":{"line":72,"column":6},"end":{"line":72,"column":89}},"29":{"start":{"line":76,"column":2},"end":{"line":81,"column":null}},"30":{"start":{"line":77,"column":25},"end":{"line":77,"column":35}},"31":{"start":{"line":79,"column":4},"end":{"line":79,"column":32}},"32":{"start":{"line":79,"column":19},"end":{"line":79,"column":32}},"33":{"start":{"line":80,"column":4},"end":{"line":80,"column":16}},"34":{"start":{"line":82,"column":0},"end":{"line":82,"column":null}},"35":{"start":{"line":84,"column":0},"end":{"line":84,"column":20}}},"fnMap":{"0":{"name":"(anonymous_14)","decl":{"start":{"line":15,"column":0},"end":{"line":15,"column":null}},"loc":{"start":{"line":15,"column":0},"end":{"line":82,"column":null}}},"1":{"name":"User","decl":{"start":{"line":18,"column":2},"end":{"line":18,"column":23}},"loc":{"start":{"line":18,"column":35},"end":{"line":20,"column":3}}},"2":{"name":"(anonymous_16)","decl":{"start":{"line":39,"column":2},"end":{"line":39,"column":8}},"loc":{"start":{"line":39,"column":2},"end":{"line":54,"column":null}}},"3":{"name":"(anonymous_19)","decl":{"start":{"line":56,"column":2},"end":{"line":56,"column":8}},"loc":{"start":{"line":56,"column":2},"end":{"line":74,"column":null}}},"4":{"name":"(anonymous_22)","decl":{"start":{"line":76,"column":2},"end":{"line":76,"column":25}},"loc":{"start":{"line":76,"column":2},"end":{"line":81,"column":3}}}},"branchMap":{"0":{"loc":{"start":{"line":43,"column":6},"end":{"line":43,"column":75}},"type":"if","locations":[{"start":{"line":43,"column":6},"end":{"line":43,"column":75}}]},"1":{"loc":{"start":{"line":44,"column":6},"end":{"line":44,"column":78}},"type":"if","locations":[{"start":{"line":44,"column":6},"end":{"line":44,"column":78}}]},"2":{"loc":{"start":{"line":48,"column":6},"end":{"line":48,"column":88}},"type":"if","locations":[{"start":{"line":48,"column":6},"end":{"line":48,"column":88}}]},"3":{"loc":{"start":{"line":60,"column":6},"end":{"line":60,"column":82}},"type":"if","locations":[{"start":{"line":60,"column":6},"end":{"line":60,"column":82}}]},"4":{"loc":{"start":{"line":61,"column":6},"end":{"line":61,"column":85}},"type":"if","locations":[{"start":{"line":61,"column":6},"end":{"line":61,"column":85}}]},"5":{"loc":{"start":{"line":65,"column":6},"end":{"line":65,"column":95}},"type":"if","locations":[{"start":{"line":65,"column":6},"end":{"line":65,"column":95}}]},"6":{"loc":{"start":{"line":79,"column":4},"end":{"line":79,"column":32}},"type":"if","locations":[{"start":{"line":79,"column":4},"end":{"line":79,"column":32}}]}},"s":{"0":1,"1":1,"2":8,"3":8,"4":1,"5":5,"6":5,"7":1,"8":4,"9":1,"10":3,"11":3,"12":2,"13":1,"14":1,"15":1,"16":1,"17":3,"18":3,"19":3,"20":1,"21":2,"22":1,"23":1,"24":1,"25":1,"26":1,"27":0,"28":0,"29":1,"30":0,"31":0,"32":0,"33":0,"34":1,"35":1},"f":{"0":1,"1":8,"2":5,"3":3,"4":0},"b":{"0":[1],"1":[1],"2":[1],"3":[1],"4":[1],"5":[1],"6":[0]}}
,"/Users/kimjisu/Desktop/share-corona-server/app/src/models/services/User/UserStorage.ts": {"path":"/Users/kimjisu/Desktop/share-corona-server/app/src/models/services/User/UserStorage.ts","statementMap":{"0":{"start":{"line":1,"column":0},"end":{"line":1,"column":46}},"1":{"start":{"line":3,"column":16},"end":{"line":3,"column":23}},"2":{"start":{"line":5,"column":0},"end":{"line":5,"column":null}},"3":{"start":{"line":6,"column":15},"end":{"line":23,"column":null}},"4":{"start":{"line":10,"column":13},"end":{"line":10,"column":43}},"5":{"start":{"line":10,"column":6},"end":{"line":10,"column":43}},"6":{"start":{"line":11,"column":12},"end":{"line":14,"column":22}},"7":{"start":{"line":15,"column":17},"end":{"line":15,"column":null}},"8":{"start":{"line":15,"column":12},"end":{"line":15,"column":null}},"9":{"start":{"line":17,"column":6},"end":{"line":17,"column":19}},"10":{"start":{"line":19,"column":6},"end":{"line":19,"column":16}},"11":{"start":{"line":21,"column":6},"end":{"line":21,"column":22}},"12":{"start":{"line":24,"column":0},"end":{"line":24,"column":null}},"13":{"start":{"line":26,"column":0},"end":{"line":26,"column":27}}},"fnMap":{"0":{"name":"(anonymous_14)","decl":{"start":{"line":5,"column":0},"end":{"line":5,"column":null}},"loc":{"start":{"line":5,"column":0},"end":{"line":24,"column":null}}},"1":{"name":"(anonymous_16)","decl":{"start":{"line":6,"column":2},"end":{"line":6,"column":15}},"loc":{"start":{"line":6,"column":48},"end":{"line":23,"column":null}}}},"branchMap":{"0":{"loc":{"start":{"line":21,"column":6},"end":{"line":21,"column":21}},"type":"cond-expr","locations":[{"start":{"line":21,"column":10},"end":{"line":21,"column":12}},{"start":{"line":21,"column":6},"end":{"line":21,"column":21}}]},"1":{"loc":{"start":{"line":21,"column":6},"end":{"line":21,"column":12}},"type":"binary-expr","locations":[{"start":{"line":21,"column":6},"end":{"line":21,"column":12}},{"start":{"line":21,"column":6},"end":{"line":21,"column":12}}]}},"s":{"0":1,"1":1,"2":1,"3":1,"4":0,"5":0,"6":0,"7":0,"8":0,"9":0,"10":0,"11":0,"12":1,"13":1},"f":{"0":1,"1":0},"b":{"0":[0,0],"1":[0,0]}}
}
