TN:
SF:src/config/mariadb.ts
FNF:0
FNH:0
DA:1,1
DA:3,1
DA:5,1
DA:16,1
LF:4
LH:4
BRF:0
BRH:0
end_of_record
TN:
SF:src/models/services/User/User.ts
FN:15,(anonymous_14)
FN:18,User
FN:39,(anonymous_16)
FN:56,(anonymous_19)
FNF:4
FNH:4
FNDA:1,(anonymous_14)
FNDA:7,User
FNDA:5,(anonymous_16)
FNDA:2,(anonymous_19)
DA:2,1
DA:15,1
DA:18,7
DA:19,7
DA:39,1
DA:40,5
DA:43,5
DA:44,4
DA:46,3
DA:48,2
DA:50,1
DA:52,1
DA:56,1
DA:57,2
DA:59,2
DA:60,2
DA:61,1
DA:67,0
DA:69,0
DA:72,1
DA:74,1
LF:21
LH:19
BRDA:43,0,0,1
BRDA:44,1,0,1
BRDA:48,2,0,1
BRDA:60,3,0,1
BRDA:61,4,0,1
BRF:5
BRH:5
end_of_record
TN:
SF:src/models/services/User/UserStorage.ts
FN:5,(anonymous_14)
FN:6,(anonymous_16)
FNF:2
FNH:1
FNDA:1,(anonymous_14)
FNDA:0,(anonymous_16)
DA:1,1
DA:3,1
DA:5,1
DA:6,1
DA:10,0
DA:11,0
DA:15,0
DA:17,0
DA:19,0
DA:21,0
DA:24,1
DA:26,1
LF:12
LH:6
BRDA:21,0,0,0
BRDA:21,0,1,0
BRDA:21,1,0,0
BRDA:21,1,1,0
BRF:4
BRH:0
end_of_record
